<?xml version="1.0" encoding="UTF-8"?>
<!-- Generated by org.testng.reporters.JUnitReportReporter -->
<testsuite hostname="LAPTOP-A39METFF" failures="2" tests="8" name="com.OCP.TestCase.Registration" time="30.113" errors="0" timestamp="13 Apr 2023 06:28:50 GMT" skipped="0">
  <testcase classname="com.OCP.TestCase.Registration" name="RegistrationWithValidCredentials" time="3.109"/>
  <testcase classname="com.OCP.TestCase.Registration" name="RegistrationWithValidCredentialsWithEnterKey" time="3.072"/>
  <testcase classname="com.OCP.TestCase.Registration" name="RegistrationSuccessfulWithMinOf1CharacterforFirstName" time="3.701"/>
  <testcase classname="com.OCP.TestCase.Registration" name="RegistrationSuccessfulWithAlphaNumericAndSpecialCharacterforFirstName" time="3.090"/>
  <testcase classname="com.OCP.TestCase.Registration" name="RegistrationSuccessfulWith32CharacterforFirstName" time="3.610"/>
  <testcase classname="com.OCP.TestCase.Registration" name="RegistrationFailedWith33CharacterforFirstName" time="3.437">
    <failure message="First Name must be between 1 and 32 characters! expected:&lt;[First Name must be between 1 and 32]&gt; but was:&lt;[Test not passed]&gt;" type="org.junit.ComparisonFailure">
      <![CDATA[org.junit.ComparisonFailure: First Name must be between 1 and 32 characters! expected:<[First Name must be between 1 and 32]> but was:<[Test not passed]>
at org.junit.Assert.assertEquals(Assert.java:115)
at com.OCP.TestCase.Registration.RegistrationFailedWith33CharacterforFirstName(Registration.java:97)
at java.base/jdk.internal.reflect.NativeMethodAccessorImpl.invoke0(Native Method)
at java.base/jdk.internal.reflect.NativeMethodAccessorImpl.invoke(NativeMethodAccessorImpl.java:77)
at java.base/jdk.internal.reflect.DelegatingMethodAccessorImpl.invoke(DelegatingMethodAccessorImpl.java:43)
at java.base/java.lang.reflect.Method.invoke(Method.java:568)
at org.testng.internal.MethodInvocationHelper.invokeMethod(MethodInvocationHelper.java:124)
at org.testng.internal.Invoker.invokeMethod(Invoker.java:583)
at org.testng.internal.Invoker.invokeTestMethod(Invoker.java:719)
at org.testng.internal.Invoker.invokeTestMethods(Invoker.java:989)
at org.testng.internal.TestMethodWorker.invokeTestMethods(TestMethodWorker.java:125)
at org.testng.internal.TestMethodWorker.run(TestMethodWorker.java:109)
at org.testng.TestRunner.privateRun(TestRunner.java:648)
at org.testng.TestRunner.run(TestRunner.java:505)
at org.testng.SuiteRunner.runTest(SuiteRunner.java:455)
at org.testng.SuiteRunner.runSequentially(SuiteRunner.java:450)
at org.testng.SuiteRunner.privateRun(SuiteRunner.java:415)
at org.testng.SuiteRunner.run(SuiteRunner.java:364)
at org.testng.SuiteRunnerWorker.runSuite(SuiteRunnerWorker.java:52)
at org.testng.SuiteRunnerWorker.run(SuiteRunnerWorker.java:84)
at org.testng.TestNG.runSuitesSequentially(TestNG.java:1208)
at org.testng.TestNG.runSuitesLocally(TestNG.java:1137)
at org.testng.TestNG.runSuites(TestNG.java:1049)
at org.testng.TestNG.run(TestNG.java:1017)
at org.testng.remote.AbstractRemoteTestNG.run(AbstractRemoteTestNG.java:115)
at org.testng.remote.RemoteTestNG.initAndRun(RemoteTestNG.java:251)
at org.testng.remote.RemoteTestNG.main(RemoteTestNG.java:77)
]]>
    </failure>
  </testcase> <!-- RegistrationFailedWith33CharacterforFirstName -->
  <testcase classname="com.OCP.TestCase.Registration" name="RegistrationWithSpacesinCharacterforFirstName" time="4.942"/>
  <testcase classname="com.OCP.TestCase.Registration" name="RegistrationWithNOCharacterforFirstName" time="5.152">
    <failure message="First Name must be between 1 and 32 characters! expected:&lt;[First Name must be  1 and ]&gt; but was:&lt;[Test not passed]&gt;" type="org.junit.ComparisonFailure">
      <![CDATA[org.junit.ComparisonFailure: First Name must be between 1 and 32 characters! expected:<[First Name must be  1 and ]> but was:<[Test not passed]>
at org.junit.Assert.assertEquals(Assert.java:115)
at com.OCP.TestCase.Registration.RegistrationWithNOCharacterforFirstName(Registration.java:133)
at java.base/jdk.internal.reflect.NativeMethodAccessorImpl.invoke0(Native Method)
at java.base/jdk.internal.reflect.NativeMethodAccessorImpl.invoke(NativeMethodAccessorImpl.java:77)
at java.base/jdk.internal.reflect.DelegatingMethodAccessorImpl.invoke(DelegatingMethodAccessorImpl.java:43)
at java.base/java.lang.reflect.Method.invoke(Method.java:568)
at org.testng.internal.MethodInvocationHelper.invokeMethod(MethodInvocationHelper.java:124)
at org.testng.internal.Invoker.invokeMethod(Invoker.java:583)
at org.testng.internal.Invoker.invokeTestMethod(Invoker.java:719)
at org.testng.internal.Invoker.invokeTestMethods(Invoker.java:989)
at org.testng.internal.TestMethodWorker.invokeTestMethods(TestMethodWorker.java:125)
at org.testng.internal.TestMethodWorker.run(TestMethodWorker.java:109)
at org.testng.TestRunner.privateRun(TestRunner.java:648)
at org.testng.TestRunner.run(TestRunner.java:505)
at org.testng.SuiteRunner.runTest(SuiteRunner.java:455)
at org.testng.SuiteRunner.runSequentially(SuiteRunner.java:450)
at org.testng.SuiteRunner.privateRun(SuiteRunner.java:415)
at org.testng.SuiteRunner.run(SuiteRunner.java:364)
at org.testng.SuiteRunnerWorker.runSuite(SuiteRunnerWorker.java:52)
at org.testng.SuiteRunnerWorker.run(SuiteRunnerWorker.java:84)
at org.testng.TestNG.runSuitesSequentially(TestNG.java:1208)
at org.testng.TestNG.runSuitesLocally(TestNG.java:1137)
at org.testng.TestNG.runSuites(TestNG.java:1049)
at org.testng.TestNG.run(TestNG.java:1017)
at org.testng.remote.AbstractRemoteTestNG.run(AbstractRemoteTestNG.java:115)
at org.testng.remote.RemoteTestNG.initAndRun(RemoteTestNG.java:251)
at org.testng.remote.RemoteTestNG.main(RemoteTestNG.java:77)
]]>
    </failure>
  </testcase> <!-- RegistrationWithNOCharacterforFirstName -->
</testsuite> <!-- com.OCP.TestCase.Registration -->
