<?xml version="1.0" encoding="UTF-8"?>
<!-- Generated by org.testng.reporters.JUnitXMLReporter -->
<testsuite ignored="0" hostname="LAPTOP-A39METFF" failures="0" tests="6" name="Default test" time="0.091" errors="0" timestamp="04 Apr 2023 05:01:49 GMT">
  <testcase classname="com.OCP.TestCase.BaseTest" name="@BeforeMethod setup" time="0.0">
    <failure type="org.testng.TestNGException" message="
Parameter &amp;apos;browser&amp;apos; is required by BeforeMethod on method setup but has not been marked @Optional or defined
in C:\Users\santo\AppData\Local\Temp\testng-eclipse--1499034726\testng-customsuite.xml">
      <![CDATA[org.testng.TestNGException: 
Parameter 'browser' is required by BeforeMethod on method setup but has not been marked @Optional or defined
in C:\Users\santo\AppData\Local\Temp\testng-eclipse--1499034726\testng-customsuite.xml
at org.testng.internal.Parameters.createParams(Parameters.java:290)
at org.testng.internal.Parameters.createParametersForMethod(Parameters.java:359)
at org.testng.internal.Parameters.createParameters(Parameters.java:620)
at org.testng.internal.Parameters.createConfigurationParameters(Parameters.java:190)
at org.testng.internal.Invoker.invokeConfigurations(Invoker.java:209)
at org.testng.internal.Invoker.invokeMethod(Invoker.java:523)
at org.testng.internal.Invoker.invokeTestMethod(Invoker.java:719)
at org.testng.internal.Invoker.invokeTestMethods(Invoker.java:989)
at org.testng.internal.TestMethodWorker.invokeTestMethods(TestMethodWorker.java:125)
at org.testng.internal.TestMethodWorker.run(TestMethodWorker.java:109)
at org.testng.TestRunner.privateRun(TestRunner.java:648)
at org.testng.TestRunner.run(TestRunner.java:505)
at org.testng.SuiteRunner.runTest(SuiteRunner.java:455)
at org.testng.SuiteRunner.runSequentially(SuiteRunner.java:450)
at org.testng.SuiteRunner.privateRun(SuiteRunner.java:415)
at org.testng.SuiteRunner.run(SuiteRunner.java:364)
at org.testng.SuiteRunnerWorker.runSuite(SuiteRunnerWorker.java:52)
at org.testng.SuiteRunnerWorker.run(SuiteRunnerWorker.java:84)
at org.testng.TestNG.runSuitesSequentially(TestNG.java:1208)
at org.testng.TestNG.runSuitesLocally(TestNG.java:1137)
at org.testng.TestNG.runSuites(TestNG.java:1049)
at org.testng.TestNG.run(TestNG.java:1017)
at org.testng.remote.AbstractRemoteTestNG.run(AbstractRemoteTestNG.java:115)
at org.testng.remote.RemoteTestNG.initAndRun(RemoteTestNG.java:251)
at org.testng.remote.RemoteTestNG.main(RemoteTestNG.java:77)
]]>
    </failure>
  </testcase> <!-- @BeforeMethod setup -->
  <testcase classname="com.OCP.TestCase.BaseTest" name="@AfterMethod teardown" time="0.0">
    <skipped/>
  </testcase> <!-- @AfterMethod teardown -->
  <testcase classname="com.OCP.TestCase.BaseTest" name="@BeforeMethod setup" time="0.0">
    <skipped/>
  </testcase> <!-- @BeforeMethod setup -->
  <testcase classname="com.OCP.TestCase.BaseTest" name="@AfterMethod teardown" time="0.0">
    <skipped/>
  </testcase> <!-- @AfterMethod teardown -->
  <testcase classname="com.OCP.TestCase.BaseTest" name="@BeforeMethod setup" time="0.0">
    <skipped/>
  </testcase> <!-- @BeforeMethod setup -->
  <testcase classname="com.OCP.TestCase.BaseTest" name="@AfterMethod teardown" time="0.0">
    <skipped/>
  </testcase> <!-- @AfterMethod teardown -->
  <testcase classname="com.OCP.TestCase.BaseTest" name="@BeforeMethod setup" time="0.0">
    <skipped/>
  </testcase> <!-- @BeforeMethod setup -->
  <testcase classname="com.OCP.TestCase.BaseTest" name="@AfterMethod teardown" time="0.0">
    <skipped/>
  </testcase> <!-- @AfterMethod teardown -->
  <testcase classname="com.OCP.TestCase.BaseTest" name="@BeforeMethod setup" time="0.0">
    <skipped/>
  </testcase> <!-- @BeforeMethod setup -->
  <testcase classname="com.OCP.TestCase.BaseTest" name="@AfterMethod teardown" time="0.0">
    <skipped/>
  </testcase> <!-- @AfterMethod teardown -->
  <testcase classname="com.OCP.TestCase.BaseTest" name="@BeforeMethod setup" time="0.0">
    <skipped/>
  </testcase> <!-- @BeforeMethod setup -->
  <testcase classname="com.OCP.TestCase.BaseTest" name="@AfterMethod teardown" time="0.0">
    <skipped/>
  </testcase> <!-- @AfterMethod teardown -->
  <testcase classname="com.OCP.TestCase.Registration" name="RegistrationWithValidCredentials" time="0.0">
    <skipped/>
  </testcase> <!-- RegistrationWithValidCredentials -->
  <testcase classname="com.OCP.TestCase.Registration" name="RegistrationWithValidCredentialsWithEnterKey" time="0.0">
    <skipped/>
  </testcase> <!-- RegistrationWithValidCredentialsWithEnterKey -->
  <testcase classname="com.OCP.TestCase.Registration" name="RegistrationSuccessfulWithMinOf1CharacterforFirstName" time="0.0">
    <skipped/>
  </testcase> <!-- RegistrationSuccessfulWithMinOf1CharacterforFirstName -->
  <testcase classname="com.OCP.TestCase.Registration" name="RegistrationSuccessfulWithAlphaNumericAndSpecialCharacterforFirstName" time="0.0">
    <skipped/>
  </testcase> <!-- RegistrationSuccessfulWithAlphaNumericAndSpecialCharacterforFirstName -->
  <testcase classname="com.OCP.TestCase.Registration" name="RegistrationSuccessfulWith32CharacterforFirstName" time="0.0">
    <skipped/>
  </testcase> <!-- RegistrationSuccessfulWith32CharacterforFirstName -->
  <testcase classname="com.OCP.TestCase.Registration" name="RegistrationFailedWith33CharacterforFirstName" time="0.0">
    <skipped/>
  </testcase> <!-- RegistrationFailedWith33CharacterforFirstName -->
</testsuite> <!-- Default test -->
