<?xml version="1.0" encoding="UTF-8"?>
<!-- Generated by org.testng.reporters.JUnitXMLReporter -->
<testsuite ignored="0" hostname="LAPTOP-A39METFF" failures="2" tests="8" name="Registration Test" time="30.475" errors="0" timestamp="13 Apr 2023 06:28:49 GMT">
  <testcase classname="com.OCP.TestCase.Registration" name="RegistrationWithValidCredentials" time="1.237"/>
  <testcase classname="com.OCP.TestCase.Registration" name="RegistrationWithValidCredentialsWithEnterKey" time="1.119"/>
  <testcase classname="com.OCP.TestCase.Registration" name="RegistrationSuccessfulWithMinOf1CharacterforFirstName" time="1.172"/>
  <testcase classname="com.OCP.TestCase.Registration" name="RegistrationSuccessfulWithAlphaNumericAndSpecialCharacterforFirstName" time="1.09"/>
  <testcase classname="com.OCP.TestCase.Registration" name="RegistrationSuccessfulWith32CharacterforFirstName" time="1.321"/>
  <testcase classname="com.OCP.TestCase.Registration" name="RegistrationFailedWith33CharacterforFirstName" time="1.483">
    <failure type="org.junit.ComparisonFailure" message="First Name must be between 1 and 32 characters! expected:&amp;lt;[First Name must be between 1 and 32]&amp;gt; but was:&amp;lt;[Test not passed]&amp;gt;">
      <![CDATA[org.junit.ComparisonFailure: First Name must be between 1 and 32 characters! expected:<[First Name must be between 1 and 32]> but was:<[Test not passed]>
at org.junit.Assert.assertEquals(Assert.java:115)
at com.OCP.TestCase.Registration.RegistrationFailedWith33CharacterforFirstName(Registration.java:97)
... Removed 25 stack frames]]>
    </failure>
  </testcase> <!-- RegistrationFailedWith33CharacterforFirstName -->
  <testcase classname="com.OCP.TestCase.Registration" name="RegistrationWithSpacesinCharacterforFirstName" time="3.114"/>
  <testcase classname="com.OCP.TestCase.Registration" name="RegistrationWithNOCharacterforFirstName" time="3.006">
    <failure type="org.junit.ComparisonFailure" message="First Name must be between 1 and 32 characters! expected:&amp;lt;[First Name must be  1 and ]&amp;gt; but was:&amp;lt;[Test not passed]&amp;gt;">
      <![CDATA[org.junit.ComparisonFailure: First Name must be between 1 and 32 characters! expected:<[First Name must be  1 and ]> but was:<[Test not passed]>
at org.junit.Assert.assertEquals(Assert.java:115)
at com.OCP.TestCase.Registration.RegistrationWithNOCharacterforFirstName(Registration.java:133)
... Removed 25 stack frames]]>
    </failure>
  </testcase> <!-- RegistrationWithNOCharacterforFirstName -->
</testsuite> <!-- Registration Test -->
