<?xml version="1.0" encoding="UTF-8"?>
<!-- Generated by org.testng.reporters.JUnitXMLReporter -->
<testsuite ignored="0" hostname="LAPTOP-A39METFF" failures="1" tests="1" name="search Test_chrome" time="2.748" errors="0" timestamp="2023-01-20T11:12:24 IST">
  <testcase classname="temp.product.amazon.testcase.TC_HealthCheck" name="t01_amazon_search" time="2.682">
    <failure type="java.lang.AssertionError" message="give the valid browser name expected [true] but found [false]">
      <![CDATA[java.lang.AssertionError: give the valid browser name expected [true] but found [false]
at temp.product.amazon.utils.BrowserManager.getDriver(BrowserManager.java:31)
at temp.product.amazon.testcase.TC_HealthCheck.t01_amazon_search(TC_HealthCheck.java:19)
at java.base/java.util.ArrayList.forEach(ArrayList.java:1511)
... Removed 30 stack frames]]>
    </failure>
  </testcase> <!-- t01_amazon_search -->
</testsuite> <!-- search Test_chrome -->
