<?xml version="1.0" encoding="UTF-8"?>
<!-- Generated by org.testng.reporters.JUnitXMLReporter -->
<testsuite ignored="0" hostname="LAPTOP-A39METFF" failures="1" tests="1" name="search Test_IE" time="1.122" errors="0" timestamp="2023-01-17T15:42:20 IST">
  <testcase classname="temp.product.amazon.testcase.TC_HealthCheck" name="t01_amazon_search" time="1.117">
    <failure type="java.lang.AssertionError" message="give the valid browser name expected [true] but found [false]">
      <![CDATA[java.lang.AssertionError: give the valid browser name expected [true] but found [false]
at temp.product.amazon.utils.BrowserManager.getDriver(BrowserManager.java:31)
at temp.product.amazon.testcase.TC_HealthCheck.t01_amazon_search(TC_HealthCheck.java:19)
at java.base/java.util.ArrayList.forEach(ArrayList.java:1511)
at java.base/java.util.concurrent.FutureTask.run(FutureTask.java:264)
at java.base/java.util.concurrent.ThreadPoolExecutor.runWorker(ThreadPoolExecutor.java:1136)
at java.base/java.util.concurrent.ThreadPoolExecutor$Worker.run(ThreadPoolExecutor.java:635)
at java.base/java.lang.Thread.run(Thread.java:833)
... Removed 21 stack frames]]>
    </failure>
  </testcase> <!-- t01_amazon_search -->
</testsuite> <!-- search Test_IE -->
